[35m[Appium][39m Welcome to Appium v1.22.3
[35m[Appium][39m Non-default server args:
[35m[Appium][39m   port: 62839
[35m[Appium][39m   loglevel: info
[35m[Appium][39m   tmpDir: C:\Users\USER\AppData\Local\Temp\\Katalon\Appium\Temp1693188437872
[35m[Appium][39m   chromedriverPort: 62840
[35m[Appium][39m Deprecated server args:
[35m[Appium][39m   [31m--chromedriver-port[39m => --default-capabilities
[35m[Appium][39m Default capabilities, which will be added to each request unless overridden by desired capabilities:
[35m[Appium][39m   chromedriverPort: 62840
[35m[Appium][39m Appium REST http interface listener started on 0.0.0.0:62839
[35m[HTTP][39m [37m-->[39m [37mGET[39m [37m/wd/hub/status[39m
[35m[HTTP][39m [90m{}[39m
[35m[HTTP][39m [37m<-- GET /wd/hub/status [39m[32m200[39m [90m13 ms - 68[39m
[35m[HTTP][39m [90m[39m
[35m[HTTP][39m [37m-->[39m [37mGET[39m [37m/wd/hub/status[39m
[35m[HTTP][39m [90m{}[39m
[35m[HTTP][39m [37m<-- GET /wd/hub/status [39m[32m200[39m [90m2 ms - 68[39m
[35m[HTTP][39m [90m[39m
[35m[HTTP][39m [37m-->[39m [37mPOST[39m [37m/wd/hub/session[39m
[35m[HTTP][39m [90m{"desiredCapabilities":{"appActivity":".Settings","appPackage":"com.android.settings","newCommandTimeout":1800,"platformVersion":"9","automationName":"uiautomator2","autoGrantPermissions":true,"platformName":"Android","udid":"WCYTLFMJORU4UOMZ","deviceName":"vivo vivo 1902 (Android 9)","platform":"ANDROID","systemPort":8208},"capabilities":{"firstMatch":[{"appium:appActivity":".Settings","appium:appPackage":"com.android.settings","appium:autoGrantPermissions":true,"appium:automationName":"uiautomator2","appium:deviceName":"vivo vivo 1902 (Android 9)","appium:newCommandTimeout":1800,"platform":"ANDROID","platformName":"android","appium:platformVersion":"9","appium:systemPort":8208,"appium:udid":"WCYTLFMJORU4UOMZ"}]}}[39m
[35m[BaseDriver][39m The following capabilities are not standard capabilities and should have an extension prefix:
[35m[BaseDriver][39m   platform
[35m[BaseDriver][39m   chromedriverPort
[35m[Appium][39m Appium v1.22.3 creating new AndroidUiautomator2Driver (v1.70.1) session
[35m[BaseDriver][39m The following capabilities were provided, but are not recognized by Appium:
[35m[BaseDriver][39m   platform
[35m[BaseDriver][39m Session created with session id: 0cd5197e-0748-46e4-bc2d-94da4eade263
[35m[UiAutomator2][39m Starting 'com.android.settings' directly on the device
[35m[ADB][39m Found 3 'build-tools' folders under 'C:\Users\USER\AppData\Local\Android\Sdk' (newest first):
[35m[ADB][39m     C:/Users/USER/AppData/Local/Android/Sdk/build-tools/33.0.1
[35m[ADB][39m     C:/Users/USER/AppData/Local/Android/Sdk/build-tools/33.0.0
[35m[ADB][39m     C:/Users/USER/AppData/Local/Android/Sdk/build-tools/30.0.3
[35m[ADB][39m Using 'adb.exe' from 'C:\Users\USER\AppData\Local\Android\Sdk\platform-tools\adb.exe'
[35m[AndroidDriver][39m Retrieving device list
[35m[AndroidDriver][39m Using device: WCYTLFMJORU4UOMZ
[35m[ADB][39m Using 'adb.exe' from 'C:\Users\USER\AppData\Local\Android\Sdk\platform-tools\adb.exe'
[35m[ADB][39m Getting device platform version
[35m[UiAutomator2][39m Relaxing hidden api policy
[35m[AndroidDriver][39m No app sent in, not parsing package/activity
[35m[ADB][39m Using 'apksigner.jar' from 'C:\Users\USER\AppData\Local\Android\Sdk\build-tools\33.0.1\lib\apksigner.jar'
[35m[ADB][39m 'C:\Users\USER\AppData\Roaming\npm\node_modules\appium\node_modules\appium-uiautomator2-server\apks\appium-uiautomator2-server-v4.27.0.apk' is signed with the default certificate
[35m[ADB][39m 'C:\Users\USER\AppData\Roaming\npm\node_modules\appium\node_modules\appium-uiautomator2-server\apks\appium-uiautomator2-server-debug-androidTest.apk' is signed with the default certificate
[35m[UiAutomator2][39m Server packages are not going to be (re)installed
[35m[ADB][39m Adding packages ["io.appium.settings","io.appium.uiautomator2.server","io.appium.uiautomator2.server.test"] to Doze whitelist
[35m[UiAutomator2][39m Starting UIAutomator2 server 4.27.0
[35m[UiAutomator2][39m Using UIAutomator2 server from 'C:\Users\USER\AppData\Roaming\npm\node_modules\appium\node_modules\appium-uiautomator2-server\apks\appium-uiautomator2-server-v4.27.0.apk' and test from 'C:\Users\USER\AppData\Roaming\npm\node_modules\appium\node_modules\appium-uiautomator2-server\apks\appium-uiautomator2-server-debug-androidTest.apk'
[35m[UiAutomator2][39m Waiting up to 30000ms for UiAutomator2 to be online...
[35m[WD Proxy][39m socket hang up
[35m[WD Proxy][39m socket hang up
[35m[WD Proxy][39m socket hang up
[35m[WD Proxy][39m socket hang up
[35m[WD Proxy][39m socket hang up
[35m[WD Proxy][39m Determined the downstream protocol as 'W3C'
[35m[AndroidDriver][39m Screen already unlocked, doing nothing
[35m[UiAutomator2][39m Starting 'com.android.settings/.Settings and waiting for 'com.android.settings/.Settings'
[35m[Appium][39m New AndroidUiautomator2Driver session created successfully, session 0cd5197e-0748-46e4-bc2d-94da4eade263 added to master session list
[35m[HTTP][39m [37m<-- POST /wd/hub/session [39m[32m200[39m [90m19384 ms - 1165[39m
[35m[HTTP][39m [90m[39m
[35m[HTTP][39m [37m-->[39m [37mGET[39m [37m/wd/hub/session/0cd5197e-0748-46e4-bc2d-94da4eade263[39m
[35m[HTTP][39m [90m{}[39m
[35m[HTTP][39m [37m<-- GET /wd/hub/session/0cd5197e-0748-46e4-bc2d-94da4eade263 [39m[32m200[39m [90m72 ms - 1119[39m
[35m[HTTP][39m [90m[39m
[35m[HTTP][39m [37m-->[39m [37mGET[39m [37m/wd/hub/session/0cd5197e-0748-46e4-bc2d-94da4eade263[39m
[35m[HTTP][39m [90m{}[39m
[35m[HTTP][39m [37m<-- GET /wd/hub/session/0cd5197e-0748-46e4-bc2d-94da4eade263 [39m[32m200[39m [90m53 ms - 1119[39m
[35m[HTTP][39m [90m[39m
[35m[HTTP][39m [37m-->[39m [37mGET[39m [37m/wd/hub/status[39m
[35m[HTTP][39m [90m{}[39m
[35m[HTTP][39m [37m<-- GET /wd/hub/status [39m[32m200[39m [90m2 ms - 68[39m
[35m[HTTP][39m [90m[39m
[35m[HTTP][39m [37m-->[39m [37mPOST[39m [37m/wd/hub/session/0cd5197e-0748-46e4-bc2d-94da4eade263/timeouts[39m
[35m[HTTP][39m [90m{"implicit":60000}[39m
[35m[HTTP][39m [37m<-- POST /wd/hub/session/0cd5197e-0748-46e4-bc2d-94da4eade263/timeouts [39m[32m200[39m [90m9 ms - 14[39m
[35m[HTTP][39m [90m[39m
[35m[HTTP][39m [37m-->[39m [37mGET[39m [37m/wd/hub/session/0cd5197e-0748-46e4-bc2d-94da4eade263/screenshot[39m
[35m[HTTP][39m [90m{}[39m
[35m[HTTP][39m [37m<-- GET /wd/hub/session/0cd5197e-0748-46e4-bc2d-94da4eade263/screenshot [39m[32m200[39m [90m803 ms - 37622[39m
[35m[HTTP][39m [90m[39m
[35m[HTTP][39m [37m-->[39m [37mGET[39m [37m/wd/hub/session/0cd5197e-0748-46e4-bc2d-94da4eade263/window/rect[39m
[35m[HTTP][39m [90m{}[39m
[35m[HTTP][39m [37m<-- GET /wd/hub/session/0cd5197e-0748-46e4-bc2d-94da4eade263/window/rect [39m[32m200[39m [90m65 ms - 49[39m
[35m[HTTP][39m [90m[39m
[35m[HTTP][39m [37m-->[39m [37mGET[39m [37m/wd/hub/session/0cd5197e-0748-46e4-bc2d-94da4eade263/appium/device/system_bars[39m
[35m[HTTP][39m [90m{}[39m
[35m[HTTP][39m [37m<-- GET /wd/hub/session/0cd5197e-0748-46e4-bc2d-94da4eade263/appium/device/system_bars [39m[32m200[39m [90m212 ms - 145[39m
[35m[HTTP][39m [90m[39m
[35m[HTTP][39m [37m-->[39m [37mPOST[39m [37m/wd/hub/session/0cd5197e-0748-46e4-bc2d-94da4eade263/appium/device/activate_app[39m
[35m[HTTP][39m [90m{"bundleId":"com.solodroid.solomerce"}[39m
[35m[HTTP][39m [37m<-- POST /wd/hub/session/0cd5197e-0748-46e4-bc2d-94da4eade263/appium/device/activate_app [39m[32m200[39m [90m1680 ms - 14[39m
[35m[HTTP][39m [90m[39m
[35m[HTTP][39m [37m-->[39m [37mGET[39m [37m/wd/hub/session/0cd5197e-0748-46e4-bc2d-94da4eade263/source[39m
[35m[HTTP][39m [90m{}[39m
[35m[W3C (0cd5197e)][39m Driver proxy active, passing request on via HTTP proxy
[35m[WD Proxy][39m Replacing sessionId 55394a99-57d4-43cf-aa29-0ff16c994e4e with 0cd5197e-0748-46e4-bc2d-94da4eade263
[35m[HTTP][39m [37m<-- GET /wd/hub/session/0cd5197e-0748-46e4-bc2d-94da4eade263/source [39m[32m200[39m [90m1344 ms - 20967[39m
[35m[HTTP][39m [90m[39m
[35m[HTTP][39m [37m-->[39m [37mGET[39m [37m/wd/hub/session/0cd5197e-0748-46e4-bc2d-94da4eade263/screenshot[39m
[35m[HTTP][39m [90m{}[39m
[35m[HTTP][39m [37m<-- GET /wd/hub/session/0cd5197e-0748-46e4-bc2d-94da4eade263/screenshot [39m[32m200[39m [90m1267 ms - 826086[39m
[35m[HTTP][39m [90m[39m
[35m[HTTP][39m [37m-->[39m [37mPOST[39m [37m/wd/hub/session/0cd5197e-0748-46e4-bc2d-94da4eade263/elements[39m
[35m[HTTP][39m [90m{"using":"xpath","value":"//*[@class = 'android.widget.TextView' and @resource-id = 'com.solodroid.solomerce:id/search' and (@text = '' or . = '')]"}[39m
[35m[HTTP][39m [37m<-- POST /wd/hub/session/0cd5197e-0748-46e4-bc2d-94da4eade263/elements [39m[32m200[39m [90m1597 ms - 139[39m
[35m[HTTP][39m [90m[39m
[35m[HTTP][39m [37m-->[39m [37mGET[39m [37m/wd/hub/session/0cd5197e-0748-46e4-bc2d-94da4eade263/window/rect[39m
[35m[HTTP][39m [90m{}[39m
[35m[HTTP][39m [37m<-- GET /wd/hub/session/0cd5197e-0748-46e4-bc2d-94da4eade263/window/rect [39m[32m200[39m [90m59 ms - 49[39m
[35m[HTTP][39m [90m[39m
[35m[HTTP][39m [37m-->[39m [37mPOST[39m [37m/wd/hub/session/0cd5197e-0748-46e4-bc2d-94da4eade263/elements[39m
[35m[HTTP][39m [90m{"using":"xpath","value":"//*[@class = 'android.widget.TextView' and @resource-id = 'com.solodroid.solomerce:id/search' and (@text = '' or . = '')]"}[39m
[35m[HTTP][39m [37m<-- POST /wd/hub/session/0cd5197e-0748-46e4-bc2d-94da4eade263/elements [39m[32m200[39m [90m539 ms - 139[39m
[35m[HTTP][39m [90m[39m
[35m[HTTP][39m [37m-->[39m [37mGET[39m [37m/wd/hub/session/0cd5197e-0748-46e4-bc2d-94da4eade263/element/00000000-0000-0d37-ffff-ffff000000e4/location[39m
[35m[HTTP][39m [90m{}[39m
[35m[W3C (0cd5197e)][39m Driver proxy active, passing request on via HTTP proxy
[35m[WD Proxy][39m Replacing sessionId 55394a99-57d4-43cf-aa29-0ff16c994e4e with 0cd5197e-0748-46e4-bc2d-94da4eade263
[35m[HTTP][39m [37m<-- GET /wd/hub/session/0cd5197e-0748-46e4-bc2d-94da4eade263/element/00000000-0000-0d37-ffff-ffff000000e4/location [39m[32m200[39m [90m77 ms - 77[39m
[35m[HTTP][39m [90m[39m
[35m[HTTP][39m [37m-->[39m [37mPOST[39m [37m/wd/hub/session/0cd5197e-0748-46e4-bc2d-94da4eade263/element/00000000-0000-0d37-ffff-ffff000000e4/click[39m
[35m[HTTP][39m [90m{"id":"00000000-0000-0d37-ffff-ffff000000e4"}[39m
[35m[HTTP][39m [37m<-- POST /wd/hub/session/0cd5197e-0748-46e4-bc2d-94da4eade263/element/00000000-0000-0d37-ffff-ffff000000e4/click [39m[32m200[39m [90m101 ms - 14[39m
[35m[HTTP][39m [90m[39m
[35m[HTTP][39m [37m-->[39m [37mGET[39m [37m/wd/hub/session/0cd5197e-0748-46e4-bc2d-94da4eade263/source[39m
[35m[HTTP][39m [90m{}[39m
[35m[W3C (0cd5197e)][39m Driver proxy active, passing request on via HTTP proxy
[35m[WD Proxy][39m Replacing sessionId 55394a99-57d4-43cf-aa29-0ff16c994e4e with 0cd5197e-0748-46e4-bc2d-94da4eade263
[35m[HTTP][39m [37m<-- GET /wd/hub/session/0cd5197e-0748-46e4-bc2d-94da4eade263/source [39m[32m200[39m [90m662 ms - 17425[39m
[35m[HTTP][39m [90m[39m
[35m[HTTP][39m [37m-->[39m [37mGET[39m [37m/wd/hub/session/0cd5197e-0748-46e4-bc2d-94da4eade263/screenshot[39m
[35m[HTTP][39m [90m{}[39m
[35m[HTTP][39m [37m<-- GET /wd/hub/session/0cd5197e-0748-46e4-bc2d-94da4eade263/screenshot [39m[32m200[39m [90m1345 ms - 632498[39m
[35m[HTTP][39m [90m[39m
[35m[HTTP][39m [37m-->[39m [37mPOST[39m [37m/wd/hub/session/0cd5197e-0748-46e4-bc2d-94da4eade263/elements[39m
[35m[HTTP][39m [90m{"using":"xpath","value":"//*[@class = 'android.widget.EditText' and (@text = 'Telusuri...' or . = 'Telusuri...') and @resource-id = 'com.solodroid.solomerce:id/search_src_text']"}[39m
[35m[HTTP][39m [37m<-- POST /wd/hub/session/0cd5197e-0748-46e4-bc2d-94da4eade263/elements [39m[32m200[39m [90m714 ms - 139[39m
[35m[HTTP][39m [90m[39m
[35m[HTTP][39m [37m-->[39m [37mGET[39m [37m/wd/hub/session/0cd5197e-0748-46e4-bc2d-94da4eade263/window/rect[39m
[35m[HTTP][39m [90m{}[39m
[35m[HTTP][39m [37m<-- GET /wd/hub/session/0cd5197e-0748-46e4-bc2d-94da4eade263/window/rect [39m[32m200[39m [90m69 ms - 49[39m
[35m[HTTP][39m [90m[39m
[35m[HTTP][39m [37m-->[39m [37mPOST[39m [37m/wd/hub/session/0cd5197e-0748-46e4-bc2d-94da4eade263/elements[39m
[35m[HTTP][39m [90m{"using":"xpath","value":"//*[@class = 'android.widget.EditText' and (@text = 'Telusuri...' or . = 'Telusuri...') and @resource-id = 'com.solodroid.solomerce:id/search_src_text']"}[39m
[35m[HTTP][39m [37m<-- POST /wd/hub/session/0cd5197e-0748-46e4-bc2d-94da4eade263/elements [39m[32m200[39m [90m547 ms - 139[39m
[35m[HTTP][39m [90m[39m
[35m[HTTP][39m [37m-->[39m [37mGET[39m [37m/wd/hub/session/0cd5197e-0748-46e4-bc2d-94da4eade263/element/00000000-0000-0d37-ffff-ffff000000e7/location[39m
[35m[HTTP][39m [90m{}[39m
[35m[W3C (0cd5197e)][39m Driver proxy active, passing request on via HTTP proxy
[35m[WD Proxy][39m Replacing sessionId 55394a99-57d4-43cf-aa29-0ff16c994e4e with 0cd5197e-0748-46e4-bc2d-94da4eade263
[35m[HTTP][39m [37m<-- GET /wd/hub/session/0cd5197e-0748-46e4-bc2d-94da4eade263/element/00000000-0000-0d37-ffff-ffff000000e7/location [39m[32m200[39m [90m50 ms - 77[39m
[35m[HTTP][39m [90m[39m
[35m[HTTP][39m [37m-->[39m [37mPOST[39m [37m/wd/hub/session/0cd5197e-0748-46e4-bc2d-94da4eade263/element/00000000-0000-0d37-ffff-ffff000000e7/clear[39m
[35m[HTTP][39m [90m{"id":"00000000-0000-0d37-ffff-ffff000000e7"}[39m
[35m[HTTP][39m [37m<-- POST /wd/hub/session/0cd5197e-0748-46e4-bc2d-94da4eade263/element/00000000-0000-0d37-ffff-ffff000000e7/clear [39m[32m200[39m [90m62 ms - 14[39m
[35m[HTTP][39m [90m[39m
[35m[HTTP][39m [37m-->[39m [37mPOST[39m [37m/wd/hub/session/0cd5197e-0748-46e4-bc2d-94da4eade263/element/00000000-0000-0d37-ffff-ffff000000e7/value[39m
[35m[HTTP][39m [90m{"id":"00000000-0000-0d37-ffff-ffff000000e7","text":"Samsung","value":["S","a","m","s","u","n","g"]}[39m
[35m[HTTP][39m [37m<-- POST /wd/hub/session/0cd5197e-0748-46e4-bc2d-94da4eade263/element/00000000-0000-0d37-ffff-ffff000000e7/value [39m[32m200[39m [90m765 ms - 14[39m
[35m[HTTP][39m [90m[39m
[35m[HTTP][39m [37m-->[39m [37mGET[39m [37m/wd/hub/session/0cd5197e-0748-46e4-bc2d-94da4eade263/source[39m
[35m[HTTP][39m [90m{}[39m
[35m[W3C (0cd5197e)][39m Driver proxy active, passing request on via HTTP proxy
[35m[WD Proxy][39m Replacing sessionId 55394a99-57d4-43cf-aa29-0ff16c994e4e with 0cd5197e-0748-46e4-bc2d-94da4eade263
[35m[HTTP][39m [37m<-- GET /wd/hub/session/0cd5197e-0748-46e4-bc2d-94da4eade263/source [39m[32m200[39m [90m694 ms - 10946[39m
[35m[HTTP][39m [90m[39m
[35m[HTTP][39m [37m-->[39m [37mGET[39m [37m/wd/hub/session/0cd5197e-0748-46e4-bc2d-94da4eade263/screenshot[39m
[35m[HTTP][39m [90m{}[39m
[35m[HTTP][39m [37m<-- GET /wd/hub/session/0cd5197e-0748-46e4-bc2d-94da4eade263/screenshot [39m[32m200[39m [90m961 ms - 296886[39m
[35m[HTTP][39m [90m[39m
[35m[HTTP][39m [37m-->[39m [37mPOST[39m [37m/wd/hub/session/0cd5197e-0748-46e4-bc2d-94da4eade263/elements[39m
[35m[HTTP][39m [90m{"using":"xpath","value":"//*[@class = 'android.widget.TextView' and (@text = 'Samsung Galaxy S10 - Black' or . = 'Samsung Galaxy S10 - Black') and @resource-id = 'com.solodroid.solomerce:id/product_name']"}[39m
[35m[HTTP][39m [37m<-- POST /wd/hub/session/0cd5197e-0748-46e4-bc2d-94da4eade263/elements [39m[32m200[39m [90m383 ms - 139[39m
[35m[HTTP][39m [90m[39m
[35m[HTTP][39m [37m-->[39m [37mGET[39m [37m/wd/hub/session/0cd5197e-0748-46e4-bc2d-94da4eade263/window/rect[39m
[35m[HTTP][39m [90m{}[39m
[35m[HTTP][39m [37m<-- GET /wd/hub/session/0cd5197e-0748-46e4-bc2d-94da4eade263/window/rect [39m[32m200[39m [90m37 ms - 49[39m
[35m[HTTP][39m [90m[39m
[35m[HTTP][39m [37m-->[39m [37mPOST[39m [37m/wd/hub/session/0cd5197e-0748-46e4-bc2d-94da4eade263/elements[39m
[35m[HTTP][39m [90m{"using":"xpath","value":"//*[@class = 'android.widget.TextView' and (@text = 'Samsung Galaxy S10 - Black' or . = 'Samsung Galaxy S10 - Black') and @resource-id = 'com.solodroid.solomerce:id/product_name']"}[39m
[35m[HTTP][39m [37m<-- POST /wd/hub/session/0cd5197e-0748-46e4-bc2d-94da4eade263/elements [39m[32m200[39m [90m224 ms - 139[39m
[35m[HTTP][39m [90m[39m
[35m[HTTP][39m [37m-->[39m [37mGET[39m [37m/wd/hub/session/0cd5197e-0748-46e4-bc2d-94da4eade263/element/00000000-0000-0d37-ffff-ffff000000e2/location[39m
[35m[HTTP][39m [90m{}[39m
[35m[W3C (0cd5197e)][39m Driver proxy active, passing request on via HTTP proxy
[35m[WD Proxy][39m Replacing sessionId 55394a99-57d4-43cf-aa29-0ff16c994e4e with 0cd5197e-0748-46e4-bc2d-94da4eade263
[35m[HTTP][39m [37m<-- GET /wd/hub/session/0cd5197e-0748-46e4-bc2d-94da4eade263/element/00000000-0000-0d37-ffff-ffff000000e2/location [39m[32m200[39m [90m63 ms - 77[39m
[35m[HTTP][39m [90m[39m
[35m[HTTP][39m [37m-->[39m [37mPOST[39m [37m/wd/hub/session/0cd5197e-0748-46e4-bc2d-94da4eade263/element/00000000-0000-0d37-ffff-ffff000000e2/click[39m
[35m[HTTP][39m [90m{"id":"00000000-0000-0d37-ffff-ffff000000e2"}[39m
[35m[HTTP][39m [37m<-- POST /wd/hub/session/0cd5197e-0748-46e4-bc2d-94da4eade263/element/00000000-0000-0d37-ffff-ffff000000e2/click [39m[32m200[39m [90m65 ms - 14[39m
[35m[HTTP][39m [90m[39m
[35m[HTTP][39m [37m-->[39m [37mGET[39m [37m/wd/hub/session/0cd5197e-0748-46e4-bc2d-94da4eade263/source[39m
[35m[HTTP][39m [90m{}[39m
[35m[W3C (0cd5197e)][39m Driver proxy active, passing request on via HTTP proxy
[35m[WD Proxy][39m Replacing sessionId 55394a99-57d4-43cf-aa29-0ff16c994e4e with 0cd5197e-0748-46e4-bc2d-94da4eade263
[35m[HTTP][39m [37m<-- GET /wd/hub/session/0cd5197e-0748-46e4-bc2d-94da4eade263/source [39m[32m200[39m [90m573 ms - 6222[39m
[35m[HTTP][39m [90m[39m
[35m[HTTP][39m [37m-->[39m [37mGET[39m [37m/wd/hub/session/0cd5197e-0748-46e4-bc2d-94da4eade263/screenshot[39m
[35m[HTTP][39m [90m{}[39m
[35m[HTTP][39m [37m<-- GET /wd/hub/session/0cd5197e-0748-46e4-bc2d-94da4eade263/screenshot [39m[32m200[39m [90m978 ms - 447334[39m
[35m[HTTP][39m [90m[39m
[35m[HTTP][39m [37m-->[39m [37mDELETE[39m [37m/wd/hub/session/0cd5197e-0748-46e4-bc2d-94da4eade263[39m
[35m[HTTP][39m [90m{}[39m
[35m[Appium][39m Removing session 0cd5197e-0748-46e4-bc2d-94da4eade263 from our master session list
[35m[UiAutomator2][39m Restoring hidden api policy to the device default configuration
[35m[HTTP][39m [37m<-- DELETE /wd/hub/session/0cd5197e-0748-46e4-bc2d-94da4eade263 [39m[32m200[39m [90m864 ms - 14[39m
[35m[HTTP][39m [90m[39m
